#-----------------------------------------------------------
# Vivado v2022.2 (64-bit)
# SW Build 3671981 on Fri Oct 14 05:00:03 MDT 2022
# IP Build 3669848 on Fri Oct 14 08:30:02 MDT 2022
# Start of session at: Tue Jul  4 10:09:32 2023
# Process ID: 17708
# Current directory: C:/Users/Asus/logisim_evolution_workspace/MouseProject_modif/main/sandbox
# Command line: vivado.exe -mode batch -source C:\Users\Asus/logisim_evolution_workspace\MouseProject_modif\main\scripts\\vivadoCreateProject.tcl
# Log file: C:/Users/Asus/logisim_evolution_workspace/MouseProject_modif/main/sandbox/vivado.log
# Journal file: C:/Users/Asus/logisim_evolution_workspace/MouseProject_modif/main/sandbox\vivado.jou
# Running On: Asus-CrHome, OS: Windows, CPU Frequency: 1992 MHz, CPU Physical cores: 4, Host memory: 8467 MB
#-----------------------------------------------------------
source {C:\Users\Asus/logisim_evolution_workspace\MouseProject_modif\main\scripts\\vivadoCreateProject.tcl}
# create_project vp "C:/Users/Asus/logisim_evolution_workspace/MouseProject_modif/main/sandbox//vp"
create_project: Time (s): cpu = 00:00:05 ; elapsed = 00:00:06 . Memory (MB): peak = 394.465 ; gain = 68.953
# set_property part xc7a35tcpg236-1 [current_project]
# set_property target_language VHDL [current_project]
# add_files "C:/Users/Asus/logisim_evolution_workspace/MouseProject_modif/main/vhdl/circuit/control_unit_entity.vhd"
# add_files "C:/Users/Asus/logisim_evolution_workspace/MouseProject_modif/main/vhdl/circuit/frequency_divider_entity.vhd"
# add_files "C:/Users/Asus/logisim_evolution_workspace/MouseProject_modif/main/vhdl/circuit/main_entity.vhd"
# add_files "C:/Users/Asus/logisim_evolution_workspace/MouseProject_modif/main/vhdl/circuit/ps2_interface_entity.vhd"
# add_files "C:/Users/Asus/logisim_evolution_workspace/MouseProject_modif/main/vhdl/circuit/ssd_entity.vhd"
# add_files "C:/Users/Asus/logisim_evolution_workspace/MouseProject_modif/main/vhdl/toplevel/logisimTopLevelShell_entity.vhd"
# add_files "C:/Users/Asus/logisim_evolution_workspace/MouseProject_modif/main/vhdl/circuit/control_unit_behavior.vhd"
# add_files "C:/Users/Asus/logisim_evolution_workspace/MouseProject_modif/main/vhdl/circuit/frequency_divider_behavior.vhd"
# add_files "C:/Users/Asus/logisim_evolution_workspace/MouseProject_modif/main/vhdl/circuit/main_behavior.vhd"
# add_files "C:/Users/Asus/logisim_evolution_workspace/MouseProject_modif/main/vhdl/circuit/ps2_interface_behavior.vhd"
# add_files "C:/Users/Asus/logisim_evolution_workspace/MouseProject_modif/main/vhdl/circuit/ssd_behavior.vhd"
# add_files "C:/Users/Asus/logisim_evolution_workspace/MouseProject_modif/main/vhdl/toplevel/logisimTopLevelShell_behavior.vhd"
# add_files -fileset constrs_1 "C:/Users/Asus/logisim_evolution_workspace/MouseProject_modif/main/xdc/vivadoConstraints.xdc"
# exit
INFO: [Common 17-206] Exiting Vivado at Tue Jul  4 10:09:41 2023...
