Copyright 1986-2022 Xilinx, Inc. All Rights Reserved.
--------------------------------------------------------------------------------------------------------------------------------------------------------------------------------------------------
| Tool Version : Vivado v.2022.2 (win64) Build 3671981 Fri Oct 14 05:00:03 MDT 2022
| Date         : Tue Jul  4 10:12:05 2023
| Host         : Asus-CrHome running 64-bit major release  (build 9200)
| Command      : report_methodology -file logisimTopLevelShell_methodology_drc_routed.rpt -pb logisimTopLevelShell_methodology_drc_routed.pb -rpx logisimTopLevelShell_methodology_drc_routed.rpx
| Design       : logisimTopLevelShell
| Device       : xc7a35tcpg236-1
| Speed File   : -1
| Design State : Fully Routed
--------------------------------------------------------------------------------------------------------------------------------------------------------------------------------------------------

Report Methodology

Table of Contents
-----------------
1. REPORT SUMMARY
2. REPORT DETAILS

1. REPORT SUMMARY
-----------------
            Netlist: netlist
          Floorplan: design_1
      Design limits: <entire design considered>
             Max violations: <unlimited>
             Violations found: 89
+-----------+------------------+------------------------------+------------+
| Rule      | Severity         | Description                  | Violations |
+-----------+------------------+------------------------------+------------+
| TIMING-17 | Critical Warning | Non-clocked sequential cell  | 88         |
| LUTAR-1   | Warning          | LUT drives async reset alert | 1          |
+-----------+------------------+------------------------------+------------+

2. REPORT DETAILS
-----------------
TIMING-17#1 Critical Warning
Non-clocked sequential cell  
The clock pin CIRCUIT_0/control_unit_1/IS_LEFT_reg/C is not reached by a timing clock
Related violations: <none>

TIMING-17#2 Critical Warning
Non-clocked sequential cell  
The clock pin CIRCUIT_0/control_unit_1/NUMBER_reg[0]/C is not reached by a timing clock
Related violations: <none>

TIMING-17#3 Critical Warning
Non-clocked sequential cell  
The clock pin CIRCUIT_0/control_unit_1/NUMBER_reg[10]/C is not reached by a timing clock
Related violations: <none>

TIMING-17#4 Critical Warning
Non-clocked sequential cell  
The clock pin CIRCUIT_0/control_unit_1/NUMBER_reg[11]/C is not reached by a timing clock
Related violations: <none>

TIMING-17#5 Critical Warning
Non-clocked sequential cell  
The clock pin CIRCUIT_0/control_unit_1/NUMBER_reg[12]/C is not reached by a timing clock
Related violations: <none>

TIMING-17#6 Critical Warning
Non-clocked sequential cell  
The clock pin CIRCUIT_0/control_unit_1/NUMBER_reg[13]/C is not reached by a timing clock
Related violations: <none>

TIMING-17#7 Critical Warning
Non-clocked sequential cell  
The clock pin CIRCUIT_0/control_unit_1/NUMBER_reg[14]/C is not reached by a timing clock
Related violations: <none>

TIMING-17#8 Critical Warning
Non-clocked sequential cell  
The clock pin CIRCUIT_0/control_unit_1/NUMBER_reg[15]/C is not reached by a timing clock
Related violations: <none>

TIMING-17#9 Critical Warning
Non-clocked sequential cell  
The clock pin CIRCUIT_0/control_unit_1/NUMBER_reg[1]/C is not reached by a timing clock
Related violations: <none>

TIMING-17#10 Critical Warning
Non-clocked sequential cell  
The clock pin CIRCUIT_0/control_unit_1/NUMBER_reg[2]/C is not reached by a timing clock
Related violations: <none>

TIMING-17#11 Critical Warning
Non-clocked sequential cell  
The clock pin CIRCUIT_0/control_unit_1/NUMBER_reg[3]/C is not reached by a timing clock
Related violations: <none>

TIMING-17#12 Critical Warning
Non-clocked sequential cell  
The clock pin CIRCUIT_0/control_unit_1/NUMBER_reg[4]/C is not reached by a timing clock
Related violations: <none>

TIMING-17#13 Critical Warning
Non-clocked sequential cell  
The clock pin CIRCUIT_0/control_unit_1/NUMBER_reg[5]/C is not reached by a timing clock
Related violations: <none>

TIMING-17#14 Critical Warning
Non-clocked sequential cell  
The clock pin CIRCUIT_0/control_unit_1/NUMBER_reg[6]/C is not reached by a timing clock
Related violations: <none>

TIMING-17#15 Critical Warning
Non-clocked sequential cell  
The clock pin CIRCUIT_0/control_unit_1/NUMBER_reg[7]/C is not reached by a timing clock
Related violations: <none>

TIMING-17#16 Critical Warning
Non-clocked sequential cell  
The clock pin CIRCUIT_0/control_unit_1/NUMBER_reg[8]/C is not reached by a timing clock
Related violations: <none>

TIMING-17#17 Critical Warning
Non-clocked sequential cell  
The clock pin CIRCUIT_0/control_unit_1/NUMBER_reg[9]/C is not reached by a timing clock
Related violations: <none>

TIMING-17#18 Critical Warning
Non-clocked sequential cell  
The clock pin CIRCUIT_0/frequency_divider_1/nr_reg[0]/C is not reached by a timing clock
Related violations: <none>

TIMING-17#19 Critical Warning
Non-clocked sequential cell  
The clock pin CIRCUIT_0/frequency_divider_1/nr_reg[10]/C is not reached by a timing clock
Related violations: <none>

TIMING-17#20 Critical Warning
Non-clocked sequential cell  
The clock pin CIRCUIT_0/frequency_divider_1/nr_reg[11]/C is not reached by a timing clock
Related violations: <none>

TIMING-17#21 Critical Warning
Non-clocked sequential cell  
The clock pin CIRCUIT_0/frequency_divider_1/nr_reg[12]/C is not reached by a timing clock
Related violations: <none>

TIMING-17#22 Critical Warning
Non-clocked sequential cell  
The clock pin CIRCUIT_0/frequency_divider_1/nr_reg[13]/C is not reached by a timing clock
Related violations: <none>

TIMING-17#23 Critical Warning
Non-clocked sequential cell  
The clock pin CIRCUIT_0/frequency_divider_1/nr_reg[14]/C is not reached by a timing clock
Related violations: <none>

TIMING-17#24 Critical Warning
Non-clocked sequential cell  
The clock pin CIRCUIT_0/frequency_divider_1/nr_reg[15]/C is not reached by a timing clock
Related violations: <none>

TIMING-17#25 Critical Warning
Non-clocked sequential cell  
The clock pin CIRCUIT_0/frequency_divider_1/nr_reg[1]/C is not reached by a timing clock
Related violations: <none>

TIMING-17#26 Critical Warning
Non-clocked sequential cell  
The clock pin CIRCUIT_0/frequency_divider_1/nr_reg[2]/C is not reached by a timing clock
Related violations: <none>

TIMING-17#27 Critical Warning
Non-clocked sequential cell  
The clock pin CIRCUIT_0/frequency_divider_1/nr_reg[3]/C is not reached by a timing clock
Related violations: <none>

TIMING-17#28 Critical Warning
Non-clocked sequential cell  
The clock pin CIRCUIT_0/frequency_divider_1/nr_reg[4]/C is not reached by a timing clock
Related violations: <none>

TIMING-17#29 Critical Warning
Non-clocked sequential cell  
The clock pin CIRCUIT_0/frequency_divider_1/nr_reg[5]/C is not reached by a timing clock
Related violations: <none>

TIMING-17#30 Critical Warning
Non-clocked sequential cell  
The clock pin CIRCUIT_0/frequency_divider_1/nr_reg[6]/C is not reached by a timing clock
Related violations: <none>

TIMING-17#31 Critical Warning
Non-clocked sequential cell  
The clock pin CIRCUIT_0/frequency_divider_1/nr_reg[7]/C is not reached by a timing clock
Related violations: <none>

TIMING-17#32 Critical Warning
Non-clocked sequential cell  
The clock pin CIRCUIT_0/frequency_divider_1/nr_reg[8]/C is not reached by a timing clock
Related violations: <none>

TIMING-17#33 Critical Warning
Non-clocked sequential cell  
The clock pin CIRCUIT_0/frequency_divider_1/nr_reg[9]/C is not reached by a timing clock
Related violations: <none>

TIMING-17#34 Critical Warning
Non-clocked sequential cell  
The clock pin CIRCUIT_0/ps2_interface_1/IS_LEFT_PRESSED_reg/C is not reached by a timing clock
Related violations: <none>

TIMING-17#35 Critical Warning
Non-clocked sequential cell  
The clock pin CIRCUIT_0/ps2_interface_1/IS_RIGHT_PRESSED_reg/C is not reached by a timing clock
Related violations: <none>

TIMING-17#36 Critical Warning
Non-clocked sequential cell  
The clock pin CIRCUIT_0/ps2_interface_1/LEFT_CLICK_reg/C is not reached by a timing clock
Related violations: <none>

TIMING-17#37 Critical Warning
Non-clocked sequential cell  
The clock pin CIRCUIT_0/ps2_interface_1/MOUSE_BITS_reg[0]/C is not reached by a timing clock
Related violations: <none>

TIMING-17#38 Critical Warning
Non-clocked sequential cell  
The clock pin CIRCUIT_0/ps2_interface_1/MOUSE_BITS_reg[1]/C is not reached by a timing clock
Related violations: <none>

TIMING-17#39 Critical Warning
Non-clocked sequential cell  
The clock pin CIRCUIT_0/ps2_interface_1/MOUSE_BITS_reg[2]/C is not reached by a timing clock
Related violations: <none>

TIMING-17#40 Critical Warning
Non-clocked sequential cell  
The clock pin CIRCUIT_0/ps2_interface_1/MOUSE_BITS_reg[3]/C is not reached by a timing clock
Related violations: <none>

TIMING-17#41 Critical Warning
Non-clocked sequential cell  
The clock pin CIRCUIT_0/ps2_interface_1/MOUSE_BITS_reg[4]/C is not reached by a timing clock
Related violations: <none>

TIMING-17#42 Critical Warning
Non-clocked sequential cell  
The clock pin CIRCUIT_0/ps2_interface_1/MOUSE_BITS_reg[5]/C is not reached by a timing clock
Related violations: <none>

TIMING-17#43 Critical Warning
Non-clocked sequential cell  
The clock pin CIRCUIT_0/ps2_interface_1/MOUSE_REGISTER_reg[0]/C is not reached by a timing clock
Related violations: <none>

TIMING-17#44 Critical Warning
Non-clocked sequential cell  
The clock pin CIRCUIT_0/ps2_interface_1/MOUSE_REGISTER_reg[10]/C is not reached by a timing clock
Related violations: <none>

TIMING-17#45 Critical Warning
Non-clocked sequential cell  
The clock pin CIRCUIT_0/ps2_interface_1/MOUSE_REGISTER_reg[11]/C is not reached by a timing clock
Related violations: <none>

TIMING-17#46 Critical Warning
Non-clocked sequential cell  
The clock pin CIRCUIT_0/ps2_interface_1/MOUSE_REGISTER_reg[12]/C is not reached by a timing clock
Related violations: <none>

TIMING-17#47 Critical Warning
Non-clocked sequential cell  
The clock pin CIRCUIT_0/ps2_interface_1/MOUSE_REGISTER_reg[13]/C is not reached by a timing clock
Related violations: <none>

TIMING-17#48 Critical Warning
Non-clocked sequential cell  
The clock pin CIRCUIT_0/ps2_interface_1/MOUSE_REGISTER_reg[14]/C is not reached by a timing clock
Related violations: <none>

TIMING-17#49 Critical Warning
Non-clocked sequential cell  
The clock pin CIRCUIT_0/ps2_interface_1/MOUSE_REGISTER_reg[15]/C is not reached by a timing clock
Related violations: <none>

TIMING-17#50 Critical Warning
Non-clocked sequential cell  
The clock pin CIRCUIT_0/ps2_interface_1/MOUSE_REGISTER_reg[16]/C is not reached by a timing clock
Related violations: <none>

TIMING-17#51 Critical Warning
Non-clocked sequential cell  
The clock pin CIRCUIT_0/ps2_interface_1/MOUSE_REGISTER_reg[17]/C is not reached by a timing clock
Related violations: <none>

TIMING-17#52 Critical Warning
Non-clocked sequential cell  
The clock pin CIRCUIT_0/ps2_interface_1/MOUSE_REGISTER_reg[18]/C is not reached by a timing clock
Related violations: <none>

TIMING-17#53 Critical Warning
Non-clocked sequential cell  
The clock pin CIRCUIT_0/ps2_interface_1/MOUSE_REGISTER_reg[19]/C is not reached by a timing clock
Related violations: <none>

TIMING-17#54 Critical Warning
Non-clocked sequential cell  
The clock pin CIRCUIT_0/ps2_interface_1/MOUSE_REGISTER_reg[1]/C is not reached by a timing clock
Related violations: <none>

TIMING-17#55 Critical Warning
Non-clocked sequential cell  
The clock pin CIRCUIT_0/ps2_interface_1/MOUSE_REGISTER_reg[20]/C is not reached by a timing clock
Related violations: <none>

TIMING-17#56 Critical Warning
Non-clocked sequential cell  
The clock pin CIRCUIT_0/ps2_interface_1/MOUSE_REGISTER_reg[21]/C is not reached by a timing clock
Related violations: <none>

TIMING-17#57 Critical Warning
Non-clocked sequential cell  
The clock pin CIRCUIT_0/ps2_interface_1/MOUSE_REGISTER_reg[22]/C is not reached by a timing clock
Related violations: <none>

TIMING-17#58 Critical Warning
Non-clocked sequential cell  
The clock pin CIRCUIT_0/ps2_interface_1/MOUSE_REGISTER_reg[23]/C is not reached by a timing clock
Related violations: <none>

TIMING-17#59 Critical Warning
Non-clocked sequential cell  
The clock pin CIRCUIT_0/ps2_interface_1/MOUSE_REGISTER_reg[24]/C is not reached by a timing clock
Related violations: <none>

TIMING-17#60 Critical Warning
Non-clocked sequential cell  
The clock pin CIRCUIT_0/ps2_interface_1/MOUSE_REGISTER_reg[25]/C is not reached by a timing clock
Related violations: <none>

TIMING-17#61 Critical Warning
Non-clocked sequential cell  
The clock pin CIRCUIT_0/ps2_interface_1/MOUSE_REGISTER_reg[26]/C is not reached by a timing clock
Related violations: <none>

TIMING-17#62 Critical Warning
Non-clocked sequential cell  
The clock pin CIRCUIT_0/ps2_interface_1/MOUSE_REGISTER_reg[27]/C is not reached by a timing clock
Related violations: <none>

TIMING-17#63 Critical Warning
Non-clocked sequential cell  
The clock pin CIRCUIT_0/ps2_interface_1/MOUSE_REGISTER_reg[28]/C is not reached by a timing clock
Related violations: <none>

TIMING-17#64 Critical Warning
Non-clocked sequential cell  
The clock pin CIRCUIT_0/ps2_interface_1/MOUSE_REGISTER_reg[29]/C is not reached by a timing clock
Related violations: <none>

TIMING-17#65 Critical Warning
Non-clocked sequential cell  
The clock pin CIRCUIT_0/ps2_interface_1/MOUSE_REGISTER_reg[2]/C is not reached by a timing clock
Related violations: <none>

TIMING-17#66 Critical Warning
Non-clocked sequential cell  
The clock pin CIRCUIT_0/ps2_interface_1/MOUSE_REGISTER_reg[30]/C is not reached by a timing clock
Related violations: <none>

TIMING-17#67 Critical Warning
Non-clocked sequential cell  
The clock pin CIRCUIT_0/ps2_interface_1/MOUSE_REGISTER_reg[31]/C is not reached by a timing clock
Related violations: <none>

TIMING-17#68 Critical Warning
Non-clocked sequential cell  
The clock pin CIRCUIT_0/ps2_interface_1/MOUSE_REGISTER_reg[32]/C is not reached by a timing clock
Related violations: <none>

TIMING-17#69 Critical Warning
Non-clocked sequential cell  
The clock pin CIRCUIT_0/ps2_interface_1/MOUSE_REGISTER_reg[33]/C is not reached by a timing clock
Related violations: <none>

TIMING-17#70 Critical Warning
Non-clocked sequential cell  
The clock pin CIRCUIT_0/ps2_interface_1/MOUSE_REGISTER_reg[34]/C is not reached by a timing clock
Related violations: <none>

TIMING-17#71 Critical Warning
Non-clocked sequential cell  
The clock pin CIRCUIT_0/ps2_interface_1/MOUSE_REGISTER_reg[35]/C is not reached by a timing clock
Related violations: <none>

TIMING-17#72 Critical Warning
Non-clocked sequential cell  
The clock pin CIRCUIT_0/ps2_interface_1/MOUSE_REGISTER_reg[36]/C is not reached by a timing clock
Related violations: <none>

TIMING-17#73 Critical Warning
Non-clocked sequential cell  
The clock pin CIRCUIT_0/ps2_interface_1/MOUSE_REGISTER_reg[37]/C is not reached by a timing clock
Related violations: <none>

TIMING-17#74 Critical Warning
Non-clocked sequential cell  
The clock pin CIRCUIT_0/ps2_interface_1/MOUSE_REGISTER_reg[38]/C is not reached by a timing clock
Related violations: <none>

TIMING-17#75 Critical Warning
Non-clocked sequential cell  
The clock pin CIRCUIT_0/ps2_interface_1/MOUSE_REGISTER_reg[39]/C is not reached by a timing clock
Related violations: <none>

TIMING-17#76 Critical Warning
Non-clocked sequential cell  
The clock pin CIRCUIT_0/ps2_interface_1/MOUSE_REGISTER_reg[3]/C is not reached by a timing clock
Related violations: <none>

TIMING-17#77 Critical Warning
Non-clocked sequential cell  
The clock pin CIRCUIT_0/ps2_interface_1/MOUSE_REGISTER_reg[40]/C is not reached by a timing clock
Related violations: <none>

TIMING-17#78 Critical Warning
Non-clocked sequential cell  
The clock pin CIRCUIT_0/ps2_interface_1/MOUSE_REGISTER_reg[41]/C is not reached by a timing clock
Related violations: <none>

TIMING-17#79 Critical Warning
Non-clocked sequential cell  
The clock pin CIRCUIT_0/ps2_interface_1/MOUSE_REGISTER_reg[4]/C is not reached by a timing clock
Related violations: <none>

TIMING-17#80 Critical Warning
Non-clocked sequential cell  
The clock pin CIRCUIT_0/ps2_interface_1/MOUSE_REGISTER_reg[5]/C is not reached by a timing clock
Related violations: <none>

TIMING-17#81 Critical Warning
Non-clocked sequential cell  
The clock pin CIRCUIT_0/ps2_interface_1/MOUSE_REGISTER_reg[6]/C is not reached by a timing clock
Related violations: <none>

TIMING-17#82 Critical Warning
Non-clocked sequential cell  
The clock pin CIRCUIT_0/ps2_interface_1/MOUSE_REGISTER_reg[7]/C is not reached by a timing clock
Related violations: <none>

TIMING-17#83 Critical Warning
Non-clocked sequential cell  
The clock pin CIRCUIT_0/ps2_interface_1/MOUSE_REGISTER_reg[8]/C is not reached by a timing clock
Related violations: <none>

TIMING-17#84 Critical Warning
Non-clocked sequential cell  
The clock pin CIRCUIT_0/ps2_interface_1/MOUSE_REGISTER_reg[9]/C is not reached by a timing clock
Related violations: <none>

TIMING-17#85 Critical Warning
Non-clocked sequential cell  
The clock pin CIRCUIT_0/ps2_interface_1/REGISTER_FULL_reg/C is not reached by a timing clock
Related violations: <none>

TIMING-17#86 Critical Warning
Non-clocked sequential cell  
The clock pin CIRCUIT_0/ps2_interface_1/RIGHT_CLICK_reg/C is not reached by a timing clock
Related violations: <none>

TIMING-17#87 Critical Warning
Non-clocked sequential cell  
The clock pin CIRCUIT_0/ssd_1/COUNTER_reg[0]/C is not reached by a timing clock
Related violations: <none>

TIMING-17#88 Critical Warning
Non-clocked sequential cell  
The clock pin CIRCUIT_0/ssd_1/COUNTER_reg[1]/C is not reached by a timing clock
Related violations: <none>

LUTAR-1#1 Warning
LUT drives async reset alert  
LUT cell CIRCUIT_0/frequency_divider_1/nr[0]_i_2, with 2 or more inputs, drives asynchronous preset/clear pin(s) CIRCUIT_0/frequency_divider_1/nr_reg[10]/CLR,
CIRCUIT_0/frequency_divider_1/nr_reg[11]/CLR,
CIRCUIT_0/frequency_divider_1/nr_reg[12]/CLR,
CIRCUIT_0/frequency_divider_1/nr_reg[13]/CLR,
CIRCUIT_0/frequency_divider_1/nr_reg[14]/CLR,
CIRCUIT_0/frequency_divider_1/nr_reg[15]/CLR,
CIRCUIT_0/frequency_divider_1/nr_reg[1]/CLR,
CIRCUIT_0/frequency_divider_1/nr_reg[2]/CLR,
CIRCUIT_0/frequency_divider_1/nr_reg[3]/CLR,
CIRCUIT_0/frequency_divider_1/nr_reg[4]/CLR,
CIRCUIT_0/frequency_divider_1/nr_reg[5]/CLR,
CIRCUIT_0/frequency_divider_1/nr_reg[6]/CLR,
CIRCUIT_0/frequency_divider_1/nr_reg[7]/CLR,
CIRCUIT_0/frequency_divider_1/nr_reg[8]/CLR,
CIRCUIT_0/frequency_divider_1/nr_reg[9]/CLR (the first 15 of 16 listed). The LUT may glitch and trigger an unexpected reset, even if it is a properly timed path.
Related violations: <none>


